# JRE version: OpenJDK Runtime Environment (8.0_212-b03) (build 1.8.0_212-8u212-b03-0ubuntu1.18.04.1-b03)
# Java VM: OpenJDK 64-Bit Server VM (25.212-b03 mixed mode linux-amd64 compressed oops)
Heap:
 PSYoungGen      total 139264K, used 76485K [0x000000076cf80000, 0x0000000776180000, 0x00000007c0000000)
  eden space 129024K, 59% used [0x000000076cf80000,0x0000000771a314d8,0x0000000774d80000)
  from space 10240K, 0% used [0x0000000775780000,0x0000000775780000,0x0000000776180000)
  to   space 10240K, 0% used [0x0000000774d80000,0x0000000774d80000,0x0000000775780000)
 ParOldGen       total 92672K, used 4901K [0x00000006c6e00000, 0x00000006cc880000, 0x000000076cf80000)
  object space 92672K, 5% used [0x00000006c6e00000,0x00000006c72c9778,0x00000006cc880000)
 Metaspace       used 33330K, capacity 34714K, committed 35072K, reserved 1079296K
  class space    used 5485K, capacity 5809K, committed 5888K, reserved 1048576K
GC Heap History (6 events):
Event: 0.644 GC heap before
{Heap before GC invocations=1 (full 0):
 PSYoungGen      total 74752K, used 64512K [0x000000076cf80000, 0x0000000772280000, 0x00000007c0000000)
  eden space 64512K, 100% used [0x000000076cf80000,0x0000000770e80000,0x0000000770e80000)
  from space 10240K, 0% used [0x0000000771880000,0x0000000771880000,0x0000000772280000)
  to   space 10240K, 0% used [0x0000000770e80000,0x0000000770e80000,0x0000000771880000)
 ParOldGen       total 171008K, used 0K [0x00000006c6e00000, 0x00000006d1500000, 0x000000076cf80000)
  object space 171008K, 0% used [0x00000006c6e00000,0x00000006c6e00000,0x00000006d1500000)
 Metaspace       used 19309K, capacity 19894K, committed 20224K, reserved 1064960K
  class space    used 3548K, capacity 3733K, committed 3840K, reserved 1048576K
Event: 0.653 GC heap after
Heap after GC invocations=1 (full 0):
 PSYoungGen      total 74752K, used 10212K [0x000000076cf80000, 0x0000000776180000, 0x00000007c0000000)
  eden space 64512K, 0% used [0x000000076cf80000,0x000000076cf80000,0x0000000770e80000)
  from space 10240K, 99% used [0x0000000770e80000,0x0000000771879178,0x0000000771880000)
  to   space 10240K, 0% used [0x0000000775780000,0x0000000775780000,0x0000000776180000)
 ParOldGen       total 171008K, used 4094K [0x00000006c6e00000, 0x00000006d1500000, 0x000000076cf80000)
  object space 171008K, 2% used [0x00000006c6e00000,0x00000006c71ffa70,0x00000006d1500000)
 Metaspace       used 19309K, capacity 19894K, committed 20224K, reserved 1064960K
  class space    used 3548K, capacity 3733K, committed 3840K, reserved 1048576K
}
Event: 0.681 GC heap before
{Heap before GC invocations=2 (full 0):
 PSYoungGen      total 74752K, used 15869K [0x000000076cf80000, 0x0000000776180000, 0x00000007c0000000)
  eden space 64512K, 8% used [0x000000076cf80000,0x000000076d506678,0x0000000770e80000)
  from space 10240K, 99% used [0x0000000770e80000,0x0000000771879178,0x0000000771880000)
  to   space 10240K, 0% used [0x0000000775780000,0x0000000775780000,0x0000000776180000)
 ParOldGen       total 171008K, used 4094K [0x00000006c6e00000, 0x00000006d1500000, 0x000000076cf80000)
  object space 171008K, 2% used [0x00000006c6e00000,0x00000006c71ffa70,0x00000006d1500000)
 Metaspace       used 20653K, capacity 21280K, committed 21296K, reserved 1067008K
  class space    used 3771K, capacity 3952K, committed 3968K, reserved 1048576K
Event: 0.684 GC heap after
Heap after GC invocations=2 (full 0):
 PSYoungGen      total 139264K, used 4563K [0x000000076cf80000, 0x0000000776180000, 0x00000007c0000000)
  eden space 129024K, 0% used [0x000000076cf80000,0x000000076cf80000,0x0000000774d80000)
  from space 10240K, 44% used [0x0000000775780000,0x0000000775bf4de8,0x0000000776180000)
  to   space 10240K, 0% used [0x0000000774d80000,0x0000000774d80000,0x0000000775780000)
 ParOldGen       total 171008K, used 4102K [0x00000006c6e00000, 0x00000006d1500000, 0x000000076cf80000)
  object space 171008K, 2% used [0x00000006c6e00000,0x00000006c7201a70,0x00000006d1500000)
 Metaspace       used 20653K, capacity 21280K, committed 21296K, reserved 1067008K
  class space    used 3771K, capacity 3952K, committed 3968K, reserved 1048576K
}
Event: 0.684 GC heap before
{Heap before GC invocations=3 (full 1):
 PSYoungGen      total 139264K, used 4563K [0x000000076cf80000, 0x0000000776180000, 0x00000007c0000000)
  eden space 129024K, 0% used [0x000000076cf80000,0x000000076cf80000,0x0000000774d80000)
  from space 10240K, 44% used [0x0000000775780000,0x0000000775bf4de8,0x0000000776180000)
  to   space 10240K, 0% used [0x0000000774d80000,0x0000000774d80000,0x0000000775780000)
 ParOldGen       total 171008K, used 4102K [0x00000006c6e00000, 0x00000006d1500000, 0x000000076cf80000)
  object space 171008K, 2% used [0x00000006c6e00000,0x00000006c7201a70,0x00000006d1500000)
 Metaspace       used 20653K, capacity 21280K, committed 21296K, reserved 1067008K
  class space    used 3771K, capacity 3952K, committed 3968K, reserved 1048576K
Event: 0.696 GC heap after
Heap after GC invocations=3 (full 1):
 PSYoungGen      total 139264K, used 0K [0x000000076cf80000, 0x0000000776180000, 0x00000007c0000000)
  eden space 129024K, 0% used [0x000000076cf80000,0x000000076cf80000,0x0000000774d80000)
  from space 10240K, 0% used [0x0000000775780000,0x0000000775780000,0x0000000776180000)
  to   space 10240K, 0% used [0x0000000774d80000,0x0000000774d80000,0x0000000775780000)
 ParOldGen       total 92672K, used 4901K [0x00000006c6e00000, 0x00000006cc880000, 0x000000076cf80000)
  object space 92672K, 5% used [0x00000006c6e00000,0x00000006c72c9778,0x00000006cc880000)
 Metaspace       used 20653K, capacity 21280K, committed 21296K, reserved 1067008K
  class space    used 3771K, capacity 3952K, committed 3968K, reserved 1048576K
}

